TN:
SF:src/app.controller.ts
FN:6,(anonymous_2)
FN:9,(anonymous_3)
FNF:2
FNH:2
FNDA:1,(anonymous_2)
FNDA:1,(anonymous_3)
DA:1,1
DA:2,1
DA:5,1
DA:6,1
DA:9,1
DA:10,1
LF:6
LH:6
BRF:0
BRH:0
end_of_record
TN:
SF:src/app.module.ts
FNF:0
FNH:0
DA:1,0
DA:2,0
DA:3,0
DA:4,0
DA:11,0
LF:5
LH:0
BRF:0
BRH:0
end_of_record
TN:
SF:src/app.service.ts
FN:5,(anonymous_1)
FNF:1
FNH:1
FNDA:1,(anonymous_1)
DA:1,1
DA:4,1
DA:6,1
LF:3
LH:3
BRF:0
BRH:0
end_of_record
TN:
SF:src/main.ts
FN:6,bootstrap
FNF:1
FNH:0
FNDA:0,bootstrap
DA:1,0
DA:2,0
DA:3,0
DA:4,0
DA:7,0
DA:10,0
DA:13,0
DA:18,0
DA:19,0
DA:21,0
DA:23,0
LF:11
LH:0
BRF:0
BRH:0
end_of_record
TN:
SF:src/todo-list/todo-list.controller.ts
FN:21,(anonymous_4)
FN:24,(anonymous_5)
FN:29,(anonymous_6)
FN:39,(anonymous_7)
FN:48,(anonymous_8)
FN:57,(anonymous_9)
FNF:6
FNH:6
FNDA:7,(anonymous_4)
FNDA:1,(anonymous_5)
FNDA:2,(anonymous_6)
FNDA:1,(anonymous_7)
FNDA:1,(anonymous_8)
FNDA:1,(anonymous_9)
DA:1,1
DA:14,1
DA:15,1
DA:16,1
DA:20,1
DA:21,7
DA:24,1
DA:25,1
DA:29,1
DA:30,2
DA:31,2
DA:32,1
DA:35,1
DA:39,1
DA:40,1
DA:41,1
DA:43,0
DA:48,1
DA:49,1
DA:50,1
DA:52,0
DA:57,1
DA:58,1
LF:23
LH:21
BRDA:31,0,0,1
BRF:1
BRH:1
end_of_record
TN:
SF:src/todo-list/todo-list.dto.ts
FNF:0
FNH:0
DA:1,1
DA:2,1
DA:3,1
DA:5,1
DA:9,1
DA:12,1
DA:15,1
LF:7
LH:7
BRF:0
BRH:0
end_of_record
TN:
SF:src/todo-list/todo-list.model.ts
FN:7,(anonymous_0)
FNF:1
FNH:1
FNDA:2,(anonymous_0)
DA:7,2
DA:8,2
DA:9,2
LF:3
LH:3
BRDA:7,0,0,2
BRDA:7,0,1,2
BRF:2
BRH:2
end_of_record
TN:
SF:src/todo-list/todo-list.module.ts
FNF:0
FNH:0
DA:1,0
DA:2,0
DA:3,0
DA:9,0
LF:4
LH:0
BRF:0
BRH:0
end_of_record
TN:
SF:src/todo-list/todo-list.service.ts
FN:7,(anonymous_1)
FN:10,(anonymous_2)
FN:14,(anonymous_3)
FN:15,(anonymous_4)
FN:18,(anonymous_5)
FN:30,(anonymous_6)
FN:40,(anonymous_7)
FN:46,(anonymous_8)
FNF:8
FNH:8
FNDA:13,(anonymous_1)
FNDA:2,(anonymous_2)
FNDA:4,(anonymous_3)
FNDA:4,(anonymous_4)
FNDA:7,(anonymous_5)
FNDA:2,(anonymous_6)
FNDA:1,(anonymous_7)
FNDA:1,(anonymous_8)
DA:1,2
DA:2,2
DA:4,2
DA:7,2
DA:8,13
DA:11,2
DA:15,4
DA:19,7
DA:25,7
DA:27,7
DA:31,2
DA:32,2
DA:33,1
DA:35,1
DA:37,1
DA:41,1
DA:42,1
DA:43,0
DA:46,1
DA:48,1
LF:20
LH:19
BRDA:32,0,0,1
BRDA:42,1,0,0
BRF:2
BRH:1
end_of_record
